This is pdfTeX, Version 3.14159265-2.6-1.40.19 (TeX Live 2019/dev/Debian) (preloaded format=pdflatex 2019.8.10)  29 AUG 2019 10:44
entering extended mode
 restricted \write18 enabled.
 %&-line parsing enabled.
**main.tex
(./main.tex
LaTeX2e <2018-12-01>
(/usr/share/texlive/texmf-dist/tex/latex/base/article.cls
Document Class: article 2018/09/03 v1.4i Standard LaTeX document class
(/usr/share/texlive/texmf-dist/tex/latex/base/size12.clo
File: size12.clo 2018/09/03 v1.4i Standard LaTeX file (size option)
)
\c@part=\count80
\c@section=\count81
\c@subsection=\count82
\c@subsubsection=\count83
\c@paragraph=\count84
\c@subparagraph=\count85
\c@figure=\count86
\c@table=\count87
\abovecaptionskip=\skip41
\belowcaptionskip=\skip42
\bibindent=\dimen102
) (./preamble.tex
(/usr/share/texlive/texmf-dist/tex/generic/babel/babel.sty
Package: babel 2018/11/13 3.27 The Babel package

(/usr/share/texlive/texmf-dist/tex/generic/babel/switch.def
File: switch.def 2018/11/13 3.27 Babel switching mechanism
)
(/usr/share/texlive/texmf-dist/tex/generic/babel-german/german.ldf
Language: german 2018/12/08 v2.11 German support for babel (pre-1996 orthograph
y)

(/usr/share/texlive/texmf-dist/tex/generic/babel-german/germanb.ldf
Language: germanb 2018/12/08 v2.11 German support for babel (pre-1996 orthograp
hy)

(/usr/share/texlive/texmf-dist/tex/generic/babel/babel.def
File: babel.def 2018/11/13 3.27 Babel common definitions
\babel@savecnt=\count88
\U@D=\dimen103

(/usr/share/texlive/texmf-dist/tex/generic/babel/txtbabel.def)
\bbl@dirlevel=\count89
)
Package babel Info: Making " an active character on input line 135.
)))
(/usr/share/texlive/texmf-dist/tex/latex/base/inputenc.sty
Package: inputenc 2018/08/11 v1.3c Input encoding file
\inpenc@prehook=\toks14
\inpenc@posthook=\toks15
)
(/usr/share/texlive/texmf-dist/tex/latex/geometry/geometry.sty
Package: geometry 2018/04/16 v5.8 Page Geometry

(/usr/share/texlive/texmf-dist/tex/latex/graphics/keyval.sty
Package: keyval 2014/10/28 v1.15 key=value parser (DPC)
\KV@toks@=\toks16
)
(/usr/share/texlive/texmf-dist/tex/generic/oberdiek/ifpdf.sty
Package: ifpdf 2018/09/07 v3.3 Provides the ifpdf switch
)
(/usr/share/texlive/texmf-dist/tex/generic/oberdiek/ifvtex.sty
Package: ifvtex 2016/05/16 v1.6 Detect VTeX and its facilities (HO)
Package ifvtex Info: VTeX not detected.
)
(/usr/share/texlive/texmf-dist/tex/generic/ifxetex/ifxetex.sty
Package: ifxetex 2010/09/12 v0.6 Provides ifxetex conditional
)
\Gm@cnth=\count90
\Gm@cntv=\count91
\c@Gm@tempcnt=\count92
\Gm@bindingoffset=\dimen104
\Gm@wd@mp=\dimen105
\Gm@odd@mp=\dimen106
\Gm@even@mp=\dimen107
\Gm@layoutwidth=\dimen108
\Gm@layoutheight=\dimen109
\Gm@layouthoffset=\dimen110
\Gm@layoutvoffset=\dimen111
\Gm@dimlist=\toks17
)
(/usr/share/texlive/texmf-dist/tex/latex/base/ifthen.sty
Package: ifthen 2014/09/29 v1.1c Standard LaTeX ifthen package (DPC)
)
(/usr/share/texlive/texmf-dist/tex/latex/xifthen/xifthen.sty
Package: xifthen 2015/11/05 v1.4.0 Extended ifthen features

(/usr/share/texlive/texmf-dist/tex/latex/tools/calc.sty
Package: calc 2017/05/25 v4.3 Infix arithmetic (KKT,FJ)
\calc@Acount=\count93
\calc@Bcount=\count94
\calc@Adimen=\dimen112
\calc@Bdimen=\dimen113
\calc@Askip=\skip43
\calc@Bskip=\skip44
LaTeX Info: Redefining \setlength on input line 80.
LaTeX Info: Redefining \addtolength on input line 81.
\calc@Ccount=\count95
\calc@Cskip=\skip45
)
(/usr/share/texlive/texmf-dist/tex/latex/ifmtarg/ifmtarg.sty
Package: ifmtarg 2018/04/16 v1.2b check for an empty argument
))
(/usr/share/texlive/texmf-dist/tex/latex/amsfonts/amssymb.sty
Package: amssymb 2013/01/14 v3.01 AMS font symbols

(/usr/share/texlive/texmf-dist/tex/latex/amsfonts/amsfonts.sty
Package: amsfonts 2013/01/14 v3.01 Basic AMSFonts support
\@emptytoks=\toks18
\symAMSa=\mathgroup4
\symAMSb=\mathgroup5
LaTeX Font Info:    Overwriting math alphabet `\mathfrak' in version `bold'
(Font)                  U/euf/m/n --> U/euf/b/n on input line 106.
))
(/usr/share/texlive/texmf-dist/tex/latex/xcolor/xcolor.sty
Package: xcolor 2016/05/11 v2.12 LaTeX color extensions (UK)

(/usr/share/texlive/texmf-dist/tex/latex/graphics-cfg/color.cfg
File: color.cfg 2016/01/02 v1.6 sample color configuration
)
Package xcolor Info: Driver file: pdftex.def on input line 225.

(/usr/share/texlive/texmf-dist/tex/latex/graphics-def/pdftex.def
File: pdftex.def 2018/01/08 v1.0l Graphics/color driver for pdftex
)
Package xcolor Info: Model `cmy' substituted by `cmy0' on input line 1348.
Package xcolor Info: Model `hsb' substituted by `rgb' on input line 1352.
Package xcolor Info: Model `RGB' extended on input line 1364.
Package xcolor Info: Model `HTML' substituted by `rgb' on input line 1366.
Package xcolor Info: Model `Hsb' substituted by `hsb' on input line 1367.
Package xcolor Info: Model `tHsb' substituted by `hsb' on input line 1368.
Package xcolor Info: Model `HSB' substituted by `hsb' on input line 1369.
Package xcolor Info: Model `Gray' substituted by `gray' on input line 1370.
Package xcolor Info: Model `wave' substituted by `hsb' on input line 1371.
)
(/usr/share/texlive/texmf-dist/tex/latex/graphics/graphicx.sty
Package: graphicx 2017/06/01 v1.1a Enhanced LaTeX Graphics (DPC,SPQR)

(/usr/share/texlive/texmf-dist/tex/latex/graphics/graphics.sty
Package: graphics 2017/06/25 v1.2c Standard LaTeX Graphics (DPC,SPQR)

(/usr/share/texlive/texmf-dist/tex/latex/graphics/trig.sty
Package: trig 2016/01/03 v1.10 sin cos tan (DPC)
)
(/usr/share/texlive/texmf-dist/tex/latex/graphics-cfg/graphics.cfg
File: graphics.cfg 2016/06/04 v1.11 sample graphics configuration
)
Package graphics Info: Driver file: pdftex.def on input line 99.
)
\Gin@req@height=\dimen114
\Gin@req@width=\dimen115
)
(/usr/share/texlive/texmf-dist/tex/generic/xstring/xstring.sty
(/usr/share/texlive/texmf-dist/tex/generic/xstring/xstring.tex
\integerpart=\count96
\decimalpart=\count97
)
Package: xstring 2019/02/06 v1.83 String manipulations (CT)
)
(/usr/share/texlive/texmf-dist/tex/latex/pgf/utilities/pgffor.sty
(/usr/share/texlive/texmf-dist/tex/latex/pgf/utilities/pgfrcs.sty
(/usr/share/texlive/texmf-dist/tex/generic/pgf/utilities/pgfutil-common.tex
\pgfutil@everybye=\toks19
\pgfutil@tempdima=\dimen116
\pgfutil@tempdimb=\dimen117

(/usr/share/texlive/texmf-dist/tex/generic/pgf/utilities/pgfutil-common-lists.t
ex)) (/usr/share/texlive/texmf-dist/tex/generic/pgf/utilities/pgfutil-latex.def
\pgfutil@abb=\box27
(/usr/share/texlive/texmf-dist/tex/latex/ms/everyshi.sty
Package: everyshi 2001/05/15 v3.00 EveryShipout Package (MS)
))
(/usr/share/texlive/texmf-dist/tex/generic/pgf/utilities/pgfrcs.code.tex
(/usr/share/texlive/texmf-dist/tex/generic/pgf/pgf.revision.tex)
Package: pgfrcs 2019/02/02 v3.1.1 (3.1.1)
))
(/usr/share/texlive/texmf-dist/tex/latex/pgf/utilities/pgfkeys.sty
(/usr/share/texlive/texmf-dist/tex/generic/pgf/utilities/pgfkeys.code.tex
\pgfkeys@pathtoks=\toks20
\pgfkeys@temptoks=\toks21

(/usr/share/texlive/texmf-dist/tex/generic/pgf/utilities/pgfkeysfiltered.code.t
ex
\pgfkeys@tmptoks=\toks22
))) (/usr/share/texlive/texmf-dist/tex/latex/pgf/math/pgfmath.sty
(/usr/share/texlive/texmf-dist/tex/generic/pgf/math/pgfmath.code.tex
(/usr/share/texlive/texmf-dist/tex/generic/pgf/math/pgfmathcalc.code.tex
(/usr/share/texlive/texmf-dist/tex/generic/pgf/math/pgfmathutil.code.tex
\pgf@x=\dimen118
\pgf@xa=\dimen119
\pgf@xb=\dimen120
\pgf@xc=\dimen121
\pgf@y=\dimen122
\pgf@ya=\dimen123
\pgf@yb=\dimen124
\pgf@yc=\dimen125
\c@pgf@counta=\count98
\c@pgf@countb=\count99
\c@pgf@countc=\count100
\c@pgf@countd=\count101
)
(/usr/share/texlive/texmf-dist/tex/generic/pgf/math/pgfmathparser.code.tex
\pgfmath@dimen=\dimen126
\pgfmath@count=\count102
\pgfmath@box=\box28
\pgfmath@toks=\toks23
\pgfmath@stack@operand=\toks24
\pgfmath@stack@operation=\toks25
)
(/usr/share/texlive/texmf-dist/tex/generic/pgf/math/pgfmathfunctions.code.tex
(/usr/share/texlive/texmf-dist/tex/generic/pgf/math/pgfmathfunctions.basic.code
.tex)
(/usr/share/texlive/texmf-dist/tex/generic/pgf/math/pgfmathfunctions.trigonomet
ric.code.tex)
(/usr/share/texlive/texmf-dist/tex/generic/pgf/math/pgfmathfunctions.random.cod
e.tex)
(/usr/share/texlive/texmf-dist/tex/generic/pgf/math/pgfmathfunctions.comparison
.code.tex)
(/usr/share/texlive/texmf-dist/tex/generic/pgf/math/pgfmathfunctions.base.code.
tex)
(/usr/share/texlive/texmf-dist/tex/generic/pgf/math/pgfmathfunctions.round.code
.tex)
(/usr/share/texlive/texmf-dist/tex/generic/pgf/math/pgfmathfunctions.misc.code.
tex)
(/usr/share/texlive/texmf-dist/tex/generic/pgf/math/pgfmathfunctions.integerari
thmetics.code.tex)))
(/usr/share/texlive/texmf-dist/tex/generic/pgf/math/pgfmathfloat.code.tex
\c@pgfmathroundto@lastzeros=\count103
)))
(/usr/share/texlive/texmf-dist/tex/generic/pgf/utilities/pgffor.code.tex
Package: pgffor 2019/02/02 v3.1.1 (3.1.1)

(/usr/share/texlive/texmf-dist/tex/generic/pgf/math/pgfmath.code.tex)
\pgffor@iter=\dimen127
\pgffor@skip=\dimen128
\pgffor@stack=\toks26
\pgffor@toks=\toks27
))
(/usr/share/texlive/texmf-dist/tex/latex/amsmath/amsmath.sty
Package: amsmath 2018/12/01 v2.17b AMS math features
\@mathmargin=\skip46

For additional information on amsmath, use the `?' option.
(/usr/share/texlive/texmf-dist/tex/latex/amsmath/amstext.sty
Package: amstext 2000/06/29 v2.01 AMS text

(/usr/share/texlive/texmf-dist/tex/latex/amsmath/amsgen.sty
File: amsgen.sty 1999/11/30 v2.0 generic functions
\@emptytoks=\toks28
\ex@=\dimen129
))
(/usr/share/texlive/texmf-dist/tex/latex/amsmath/amsbsy.sty
Package: amsbsy 1999/11/29 v1.2d Bold Symbols
\pmbraise@=\dimen130
)
(/usr/share/texlive/texmf-dist/tex/latex/amsmath/amsopn.sty
Package: amsopn 2016/03/08 v2.02 operator names
)
\inf@bad=\count104
LaTeX Info: Redefining \frac on input line 223.
\uproot@=\count105
\leftroot@=\count106
LaTeX Info: Redefining \overline on input line 385.
\classnum@=\count107
\DOTSCASE@=\count108
LaTeX Info: Redefining \ldots on input line 482.
LaTeX Info: Redefining \dots on input line 485.
LaTeX Info: Redefining \cdots on input line 606.
\Mathstrutbox@=\box29
\strutbox@=\box30
\big@size=\dimen131
LaTeX Font Info:    Redeclaring font encoding OML on input line 729.
LaTeX Font Info:    Redeclaring font encoding OMS on input line 730.
\macc@depth=\count109
\c@MaxMatrixCols=\count110
\dotsspace@=\muskip10
\c@parentequation=\count111
\dspbrk@lvl=\count112
\tag@help=\toks29
\row@=\count113
\column@=\count114
\maxfields@=\count115
\andhelp@=\toks30
\eqnshift@=\dimen132
\alignsep@=\dimen133
\tagshift@=\dimen134
\tagwidth@=\dimen135
\totwidth@=\dimen136
\lineht@=\dimen137
\@envbody=\toks31
\multlinegap=\skip47
\multlinetaggap=\skip48
\mathdisplay@stack=\toks32
LaTeX Info: Redefining \[ on input line 2844.
LaTeX Info: Redefining \] on input line 2845.
)
(/usr/share/texlive/texmf-dist/tex/latex/units/units.sty
Package: units 1998/08/04 v0.9b Typesetting units

(/usr/share/texlive/texmf-dist/tex/latex/units/nicefrac.sty
Package: nicefrac 1998/08/04 v0.9b Nice fractions
\L@UnitsRaiseDisplaystyle=\skip49
\L@UnitsRaiseTextstyle=\skip50
\L@UnitsRaiseScriptstyle=\skip51
))
(/usr/share/texlive/texmf-dist/tex/latex/psnfss/pifont.sty
Package: pifont 2005/04/12 PSNFSS-v9.2a Pi font support (SPQR) 
LaTeX Font Info:    Try loading font information for U+pzd on input line 63.

(/usr/share/texlive/texmf-dist/tex/latex/psnfss/upzd.fd
File: upzd.fd 2001/06/04 font definitions for U/pzd.
)
LaTeX Font Info:    Try loading font information for U+psy on input line 64.

(/usr/share/texlive/texmf-dist/tex/latex/psnfss/upsy.fd
File: upsy.fd 2001/06/04 font definitions for U/psy.
))) (./main.aux)
\openout1 = `main.aux'.

LaTeX Font Info:    Checking defaults for OML/cmm/m/it on input line 11.
LaTeX Font Info:    ... okay on input line 11.
LaTeX Font Info:    Checking defaults for T1/cmr/m/n on input line 11.
LaTeX Font Info:    ... okay on input line 11.
LaTeX Font Info:    Checking defaults for OT1/cmr/m/n on input line 11.
LaTeX Font Info:    ... okay on input line 11.
LaTeX Font Info:    Checking defaults for OMS/cmsy/m/n on input line 11.
LaTeX Font Info:    ... okay on input line 11.
LaTeX Font Info:    Checking defaults for OMX/cmex/m/n on input line 11.
LaTeX Font Info:    ... okay on input line 11.
LaTeX Font Info:    Checking defaults for U/cmr/m/n on input line 11.
LaTeX Font Info:    ... okay on input line 11.

*geometry* driver: auto-detecting
*geometry* detected driver: pdftex
*geometry* verbose mode - [ preamble ] result:
* driver: pdftex
* paper: a6paper
* layout: <same size as paper>
* layoutoffset:(h,v)=(0.0pt,0.0pt)
* modes: landscape 
* h-part:(L,W,R)=(63.16576pt, 294.76926pt, 63.16577pt)
* v-part:(T,H,B)=(35.85083pt, 209.12683pt, 53.77628pt)
* \paperwidth=421.10078pt
* \paperheight=298.75394pt
* \textwidth=294.76926pt
* \textheight=209.12683pt
* \oddsidemargin=-9.10423pt
* \evensidemargin=-9.10423pt
* \topmargin=-73.41916pt
* \headheight=12.0pt
* \headsep=25.0pt
* \topskip=12.0pt
* \footskip=30.0pt
* \marginparwidth=44.0pt
* \marginparsep=10.0pt
* \columnsep=10.0pt
* \skip\footins=10.8pt plus 4.0pt minus 2.0pt
* \hoffset=0.0pt
* \voffset=0.0pt
* \mag=1000
* \@twocolumnfalse
* \@twosidefalse
* \@mparswitchfalse
* \@reversemarginfalse
* (1in=72.27pt=25.4mm, 1cm=28.453pt)

(/usr/share/texlive/texmf-dist/tex/context/base/mkii/supp-pdf.mkii
[Loading MPS to PDF converter (version 2006.09.02).]
\scratchcounter=\count116
\scratchdimen=\dimen138
\scratchbox=\box31
\nofMPsegments=\count117
\nofMParguments=\count118
\everyMPshowfont=\toks33
\MPscratchCnt=\count119
\MPscratchDim=\dimen139
\MPnumerator=\count120
\makeMPintoPDFobject=\count121
\everyMPtoPDFconversion=\toks34
) (/usr/share/texlive/texmf-dist/tex/latex/oberdiek/epstopdf-base.sty
Package: epstopdf-base 2016/05/15 v2.6 Base part for package epstopdf

(/usr/share/texlive/texmf-dist/tex/generic/oberdiek/infwarerr.sty
Package: infwarerr 2016/05/16 v1.4 Providing info/warning/error messages (HO)
)
(/usr/share/texlive/texmf-dist/tex/latex/oberdiek/grfext.sty
Package: grfext 2016/05/16 v1.2 Manage graphics extensions (HO)

(/usr/share/texlive/texmf-dist/tex/generic/oberdiek/kvdefinekeys.sty
Package: kvdefinekeys 2016/05/16 v1.4 Define keys (HO)

(/usr/share/texlive/texmf-dist/tex/generic/oberdiek/ltxcmds.sty
Package: ltxcmds 2016/05/16 v1.23 LaTeX kernel commands for general use (HO)
)))
(/usr/share/texlive/texmf-dist/tex/latex/oberdiek/kvoptions.sty
Package: kvoptions 2016/05/16 v3.12 Key value format for package options (HO)

(/usr/share/texlive/texmf-dist/tex/generic/oberdiek/kvsetkeys.sty
Package: kvsetkeys 2016/05/16 v1.17 Key value parser (HO)

(/usr/share/texlive/texmf-dist/tex/generic/oberdiek/etexcmds.sty
Package: etexcmds 2016/05/16 v1.6 Avoid name clashes with e-TeX commands (HO)

(/usr/share/texlive/texmf-dist/tex/generic/oberdiek/ifluatex.sty
Package: ifluatex 2016/05/16 v1.4 Provides the ifluatex switch (HO)
Package ifluatex Info: LuaTeX not detected.
))))
(/usr/share/texlive/texmf-dist/tex/generic/oberdiek/pdftexcmds.sty
Package: pdftexcmds 2018/09/10 v0.29 Utility functions of pdfTeX for LuaTeX (HO
)
Package pdftexcmds Info: LuaTeX not detected.
Package pdftexcmds Info: \pdf@primitive is available.
Package pdftexcmds Info: \pdf@ifprimitive is available.
Package pdftexcmds Info: \pdfdraftmode found.
)
Package epstopdf-base Info: Redefining graphics rule for `.eps' on input line 4
38.
Package grfext Info: Graphics extension search list:
(grfext)             [.pdf,.png,.jpg,.mps,.jpeg,.jbig2,.jb2,.PDF,.PNG,.JPG,.JPE
G,.JBIG2,.JB2,.eps]
(grfext)             \AppendGraphicsExtensions on input line 456.

(/usr/share/texlive/texmf-dist/tex/latex/latexconfig/epstopdf-sys.cfg
File: epstopdf-sys.cfg 2010/07/13 v1.3 Configuration of (r)epstopdf for TeX Liv
e
))
ABD: EveryShipout initializing macros
LaTeX Font Info:    Try loading font information for U+msa on input line 13.

(/usr/share/texlive/texmf-dist/tex/latex/amsfonts/umsa.fd
File: umsa.fd 2013/01/14 v3.01 AMS symbols A
)
LaTeX Font Info:    Try loading font information for U+msb on input line 13.

(/usr/share/texlive/texmf-dist/tex/latex/amsfonts/umsb.fd
File: umsb.fd 2013/01/14 v3.01 AMS symbols B
)
Underfull \hbox (badness 10000) in paragraph at lines 13--15

 []

[1

{/var/lib/texmf/fonts/map/pdftex/updmap/pdftex.map}]
Underfull \hbox (badness 10000) in paragraph at lines 18--20

 []

[2]
Underfull \hbox (badness 10000) in paragraph at lines 25--27

 []

[3]
Underfull \hbox (badness 10000) in paragraph at lines 31--33

 []

[4]
Underfull \hbox (badness 10000) in paragraph at lines 36--38

 []

[5]
Underfull \hbox (badness 10000) in paragraph at lines 42--44

 []

[6]
Underfull \hbox (badness 10000) in paragraph at lines 48--49

 []

[7]
Underfull \hbox (badness 10000) in paragraph at lines 52--53

 []

[8]
Underfull \hbox (badness 10000) in paragraph at lines 56--57

 []

[9]
Underfull \hbox (badness 10000) in paragraph at lines 61--63

 []

[10]
Underfull \hbox (badness 10000) in paragraph at lines 67--69

 []

[11]
Underfull \hbox (badness 10000) in paragraph at lines 73--75

 []

[12]
Underfull \hbox (badness 10000) in paragraph at lines 81--83

 []

[13]
Underfull \hbox (badness 10000) in paragraph at lines 86--88

 []

[14]
Underfull \hbox (badness 10000) in paragraph at lines 91--93

 []

[15]
Underfull \hbox (badness 10000) in paragraph at lines 96--98

 []

[16]
Underfull \hbox (badness 10000) in paragraph at lines 101--103

 []

[17]
Underfull \hbox (badness 10000) in paragraph at lines 108--110

 []

[18]
Underfull \hbox (badness 10000) in paragraph at lines 113--115

 []

[19]
Underfull \hbox (badness 10000) in paragraph at lines 118--120

 []

[20]
Underfull \hbox (badness 10000) in paragraph at lines 129--131

 []

[21]
Underfull \hbox (badness 10000) in paragraph at lines 134--136

 []

[22]
Underfull \hbox (badness 10000) in paragraph at lines 139--141

 []

[23]
Underfull \hbox (badness 10000) in paragraph at lines 147--149

 []

[24]
Underfull \hbox (badness 10000) in paragraph at lines 152--154

 []

[25]
Underfull \hbox (badness 10000) in paragraph at lines 157--159

 []

[26]
Underfull \hbox (badness 10000) in paragraph at lines 162--164

 []

[27]
Underfull \hbox (badness 10000) in paragraph at lines 168--170

 []

[28]
Underfull \hbox (badness 10000) in paragraph at lines 176--178

 []

[29]
Underfull \hbox (badness 10000) in paragraph at lines 182--184

 []

[30]
Underfull \hbox (badness 10000) in paragraph at lines 189--191

 []

[31]
Underfull \hbox (badness 10000) in paragraph at lines 195--197

 []

[32]
Underfull \hbox (badness 10000) in paragraph at lines 200--202

 []

[33]
Underfull \hbox (badness 10000) in paragraph at lines 205--207

 []

[34]
Underfull \hbox (badness 10000) in paragraph at lines 210--212

 []

[35]
Underfull \hbox (badness 10000) in paragraph at lines 216--218

 []

[36]
Underfull \hbox (badness 10000) in paragraph at lines 221--223

 []

[37]
Underfull \hbox (badness 10000) in paragraph at lines 226--228

 []

[38]
Underfull \hbox (badness 10000) in paragraph at lines 231--233

 []

[39]
Underfull \hbox (badness 10000) in paragraph at lines 237--239

 []

[40]
Underfull \hbox (badness 10000) in paragraph at lines 242--245

 []

[41]
Underfull \hbox (badness 10000) in paragraph at lines 249--255

 []

<pics/ViertelKreis.png, id=139, 100.4553pt x 113.7048pt>
File: pics/ViertelKreis.png Graphic file (type png)
<use pics/ViertelKreis.png>
Package pdftex.def Info: pics/ViertelKreis.png  used on input line 255.
(pdftex.def)             Requested size: 88.43167pt x 100.09695pt.
[42 <./pics/ViertelKreis.png>]
Underfull \hbox (badness 10000) in paragraph at lines 259--267

 []

<pics/PropAchseSkal.png, id=145, 1236.0579pt x 1241.1168pt>
File: pics/PropAchseSkal.png Graphic file (type png)
<use pics/PropAchseSkal.png>
Package pdftex.def Info: pics/PropAchseSkal.png  used on input line 267.
(pdftex.def)             Requested size: 132.64526pt x 133.17126pt.
[43 <./pics/PropAchseSkal.png>]
Underfull \hbox (badness 10000) in paragraph at lines 271--280

 []


Overfull \hbox (1.811pt too wide) in paragraph at lines 280--280
[]\OT1/cmr/m/n/12 Alle recht-wink-li-gen Drei-ecke sind zu-ein-an-der []ahnlich
. 
 []

[44]
Underfull \hbox (badness 10000) in paragraph at lines 285--291

 []

<pics/Aehnlich.png, id=154, 406.51875pt x 205.76875pt>
File: pics/Aehnlich.png Graphic file (type png)
<use pics/Aehnlich.png>
Package pdftex.def Info: pics/Aehnlich.png  used on input line 291.
(pdftex.def)             Requested size: 132.64526pt x 67.14091pt.
[45 <./pics/Aehnlich.png>]
Underfull \hbox (badness 10000) in paragraph at lines 296--300

 []

[46]
Underfull \hbox (badness 10000) in paragraph at lines 304--308

 []

[47]
Underfull \hbox (badness 10000) in paragraph at lines 311--315

 []

[48]
Underfull \hbox (badness 10000) in paragraph at lines 318--322

 []

[49]
Underfull \hbox (badness 10000) in paragraph at lines 325--329

 []

[50]
Underfull \hbox (badness 10000) in paragraph at lines 332--336

 []

[51]
Underfull \hbox (badness 10000) in paragraph at lines 339--343

 []

[52]
Underfull \hbox (badness 10000) in paragraph at lines 350--359

 []

[53]
Underfull \hbox (badness 10000) in paragraph at lines 363--369

 []

[54]
Underfull \hbox (badness 10000) in paragraph at lines 376--378

 []

[55]
Underfull \hbox (badness 10000) in paragraph at lines 381--383

 []

[56]
Underfull \hbox (badness 10000) in paragraph at lines 386--392

 []

<pics/triangle.png, id=195, 204.765pt x 140.4447pt>
File: pics/triangle.png Graphic file (type png)
<use pics/triangle.png>
Package pdftex.def Info: pics/triangle.png  used on input line 392.
(pdftex.def)             Requested size: 147.38463pt x 101.09438pt.
[57 <./pics/triangle.png>]
Underfull \hbox (badness 10000) in paragraph at lines 396--400

 []

[58]
Underfull \hbox (badness 10000) in paragraph at lines 403--413

 []

[59]
Underfull \hbox (badness 10000) in paragraph at lines 417--421

 []

[60]
Underfull \hbox (badness 10000) in paragraph at lines 424--428

 []

[61]
Underfull \hbox (badness 10000) in paragraph at lines 431--440

 []


Underfull \hbox (badness 10000) in paragraph at lines 431--440

 []


Overfull \hbox (5.0944pt too wide) in paragraph at lines 440--440
[]\OT1/cmr/m/n/12 Zwei ge-gen[]uberliegende Win-kel erg[]anzen sich zu $180[]$.
 
 []

[62]
Underfull \hbox (badness 10000) in paragraph at lines 444--448

 []


Underfull \hbox (badness 10000) in paragraph at lines 444--448

 []

[63]
Underfull \hbox (badness 10000) in paragraph at lines 453--459

 []

[64]
Underfull \hbox (badness 10000) in paragraph at lines 463--467

 []

[65]
Underfull \hbox (badness 10000) in paragraph at lines 470--474

 []

[66]
Underfull \hbox (badness 10000) in paragraph at lines 477--482

 []

[67]
Underfull \hbox (badness 10000) in paragraph at lines 486--490

 []

[68]
Underfull \hbox (badness 10000) in paragraph at lines 494--498

 []

[69]
Underfull \hbox (badness 10000) in paragraph at lines 502--506

 []

[70]
Underfull \hbox (badness 10000) in paragraph at lines 510--514

 []

[71]
Underfull \hbox (badness 10000) in paragraph at lines 518--522

 []

[72]
Underfull \hbox (badness 10000) in paragraph at lines 526--530

 []

[73]
Underfull \hbox (badness 10000) in paragraph at lines 534--538

 []

[74]
Underfull \hbox (badness 10000) in paragraph at lines 542--546

 []

[75]
Underfull \hbox (badness 10000) in paragraph at lines 550--559

 []

[76]
Underfull \hbox (badness 10000) in paragraph at lines 563--569

 []

<pics/Lohse2.pdf, id=261, 685.56223pt x 720.14442pt>
File: pics/Lohse2.pdf Graphic file (type pdf)
<use pics/Lohse2.pdf>
Package pdftex.def Info: pics/Lohse2.pdf  used on input line 569.
(pdftex.def)             Requested size: 88.43167pt x 92.88582pt.
[77 <./pics/Lohse2.pdf>]
Underfull \hbox (badness 10000) in paragraph at lines 575--578

 []


Underfull \hbox (badness 10000) in paragraph at lines 575--578

 []

[78]
Underfull \hbox (badness 10000) in paragraph at lines 584--587

 []


Underfull \hbox (badness 10000) in paragraph at lines 584--587

 []

[79]
Underfull \hbox (badness 10000) in paragraph at lines 593--596

 []


Underfull \hbox (badness 10000) in paragraph at lines 593--596

 []

[80]
Underfull \hbox (badness 10000) in paragraph at lines 602--605

 []


Underfull \hbox (badness 10000) in paragraph at lines 602--605

 []

[81]
Underfull \hbox (badness 10000) in paragraph at lines 611--615

 []

[82]
Underfull \hbox (badness 10000) in paragraph at lines 621--624

 []


Underfull \hbox (badness 10000) in paragraph at lines 621--624

 []

[83]
Underfull \hbox (badness 10000) in paragraph at lines 630--633

 []


Underfull \hbox (badness 10000) in paragraph at lines 630--633

 []

[84]
Underfull \hbox (badness 10000) in paragraph at lines 639--643

 []

[85]
Underfull \hbox (badness 10000) in paragraph at lines 649--653

 []

[86]
Underfull \hbox (badness 10000) in paragraph at lines 659--663

 []

[87]
Underfull \hbox (badness 10000) in paragraph at lines 669--672

 []


Underfull \hbox (badness 10000) in paragraph at lines 669--672

 []

[88]
Underfull \hbox (badness 10000) in paragraph at lines 678--685

 []

<pics/wajpythagoras.png, id=310, 193.4427pt x 178.0251pt>
File: pics/wajpythagoras.png Graphic file (type png)
<use pics/wajpythagoras.png>
Package pdftex.def Info: pics/wajpythagoras.png  used on input line 685.
(pdftex.def)             Requested size: 112.60297pt x 103.62949pt.
[89 <./pics/wajpythagoras.png>]
Underfull \hbox (badness 10000) in paragraph at lines 691--698

 []

File: pics/wajpythagoras.png Graphic file (type png)
<use pics/wajpythagoras.png>
Package pdftex.def Info: pics/wajpythagoras.png  used on input line 698.
(pdftex.def)             Requested size: 112.60297pt x 103.62949pt.
[90]
Underfull \hbox (badness 10000) in paragraph at lines 704--710

 []

[91]
Underfull \hbox (badness 10000) in paragraph at lines 713--719

 []

[92]
Underfull \hbox (badness 10000) in paragraph at lines 722--728

 []

[93]
Underfull \hbox (badness 10000) in paragraph at lines 731--737

 []

[94]
Underfull \hbox (badness 10000) in paragraph at lines 740--746

 []

[95]
Underfull \hbox (badness 10000) in paragraph at lines 749--752

 []


Underfull \hbox (badness 10000) in paragraph at lines 749--752

 []

[96]
Underfull \hbox (badness 10000) in paragraph at lines 758--761

 []


Underfull \hbox (badness 10000) in paragraph at lines 758--761

 []

[97]
Underfull \hbox (badness 10000) in paragraph at lines 767--770

 []


Underfull \hbox (badness 10000) in paragraph at lines 767--770

 []

[98]
Underfull \hbox (badness 10000) in paragraph at lines 776--779

 []


Underfull \hbox (badness 10000) in paragraph at lines 776--779

 []

[99]
Underfull \hbox (badness 10000) in paragraph at lines 785--788

 []


Underfull \hbox (badness 10000) in paragraph at lines 785--788

 []

[100]
Underfull \hbox (badness 10000) in paragraph at lines 794--797

 []


Underfull \hbox (badness 10000) in paragraph at lines 794--797

 []

[101]
Underfull \hbox (badness 10000) in paragraph at lines 803--806

 []


Underfull \hbox (badness 10000) in paragraph at lines 803--806

 []

[102]
Underfull \hbox (badness 10000) in paragraph at lines 812--815

 []


Underfull \hbox (badness 10000) in paragraph at lines 812--815

 []

[103]
Underfull \hbox (badness 10000) in paragraph at lines 821--824

 []


Underfull \hbox (badness 10000) in paragraph at lines 821--824

 []

[104]
Underfull \hbox (badness 10000) in paragraph at lines 830--833

 []


Underfull \hbox (badness 10000) in paragraph at lines 830--833

 []

[105]
Underfull \hbox (badness 10000) in paragraph at lines 839--844

 []

[106]
Underfull \hbox (badness 10000) in paragraph at lines 850--853

 []


Underfull \hbox (badness 10000) in paragraph at lines 850--853

 []

[107]
Underfull \hbox (badness 10000) in paragraph at lines 859--862

 []


Underfull \hbox (badness 10000) in paragraph at lines 859--862

 []

[108]
Underfull \hbox (badness 10000) in paragraph at lines 868--874

 []

[109]
Underfull \hbox (badness 10000) in paragraph at lines 877--883

 []

[110]
Underfull \hbox (badness 10000) in paragraph at lines 886--892

 []


Overfull \hbox (0.829pt too wide) in paragraph at lines 886--892
\OT1/cmr/m/n/12 In ei-nem gleich-schenk-li-gen, recht-wink-li-gen Drei-eck mit 
Ka-
 []

[111]
Underfull \hbox (badness 10000) in paragraph at lines 895--901

 []

[112]
Underfull \hbox (badness 10000) in paragraph at lines 904--910

 []

[113]
Underfull \hbox (badness 10000) in paragraph at lines 913--919

 []

[114]
Underfull \hbox (badness 10000) in paragraph at lines 922--928

 []

[115]
Underfull \hbox (badness 10000) in paragraph at lines 931--935

 []

[116]
Underfull \hbox (badness 10000) in paragraph at lines 941--945

 []

[117]
Underfull \hbox (badness 10000) in paragraph at lines 951--957

 []

[118]
Underfull \hbox (badness 10000) in paragraph at lines 960--966

 []

[119]
Underfull \hbox (badness 10000) in paragraph at lines 969--975

 []

[120]
Underfull \hbox (badness 10000) in paragraph at lines 978--984

 []

[121]
Underfull \hbox (badness 10000) in paragraph at lines 987--991

 []

[122]
Underfull \hbox (badness 10000) in paragraph at lines 997--1003

 []

[123]
Underfull \hbox (badness 10000) in paragraph at lines 1006--1012

 []

[124]
Underfull \hbox (badness 10000) in paragraph at lines 1015--1021

 []

[125]
Underfull \hbox (badness 10000) in paragraph at lines 1024--1030

 []

[126]
Underfull \hbox (badness 10000) in paragraph at lines 1033--1036

 []


Underfull \hbox (badness 10000) in paragraph at lines 1033--1036

 []

[127]
Underfull \hbox (badness 10000) in paragraph at lines 1042--1045

 []


Underfull \hbox (badness 10000) in paragraph at lines 1042--1045

 []

[128]
Underfull \hbox (badness 10000) in paragraph at lines 1051--1057

 []

[129]
Underfull \hbox (badness 10000) in paragraph at lines 1060--1066

 []

[130]
Underfull \hbox (badness 10000) in paragraph at lines 1069--1075

 []

[131]
Underfull \hbox (badness 10000) in paragraph at lines 1078--1082

 []


Underfull \hbox (badness 10000) in paragraph at lines 1078--1082

 []

[132]
Underfull \hbox (badness 10000) in paragraph at lines 1088--1094

 []

[133]
Underfull \hbox (badness 10000) in paragraph at lines 1097--1102

 []

[134]
Underfull \hbox (badness 10000) in paragraph at lines 1108--1114

 []

[135]
Underfull \hbox (badness 10000) in paragraph at lines 1117--1123

 []

[136]
Underfull \hbox (badness 10000) in paragraph at lines 1126--1132

 []

[137]
Underfull \hbox (badness 10000) in paragraph at lines 1135--1139

 []

[138]
Underfull \hbox (badness 10000) in paragraph at lines 1145--1151

 []

[139]
Underfull \hbox (badness 10000) in paragraph at lines 1154--1158

 []


Underfull \hbox (badness 10000) in paragraph at lines 1154--1158

 []

[140]
Underfull \hbox (badness 10000) in paragraph at lines 1162--1166

 []


Underfull \hbox (badness 10000) in paragraph at lines 1162--1166

 []

[141]
Underfull \hbox (badness 10000) in paragraph at lines 1170--1174

 []


Underfull \hbox (badness 10000) in paragraph at lines 1170--1174

 []

[142]
Underfull \hbox (badness 10000) in paragraph at lines 1178--1182

 []


Underfull \hbox (badness 10000) in paragraph at lines 1178--1182

 []

[143]
Underfull \hbox (badness 10000) in paragraph at lines 1186--1190

 []


Underfull \hbox (badness 10000) in paragraph at lines 1186--1190

 []

[144]
Underfull \hbox (badness 10000) in paragraph at lines 1194--1199

 []

[145]
Underfull \hbox (badness 10000) in paragraph at lines 1205--1209

 []

[146]
Underfull \hbox (badness 10000) in paragraph at lines 1215--1221

 []

[147]
Underfull \hbox (badness 10000) in paragraph at lines 1224--1230

 []

[148]
Underfull \hbox (badness 10000) in paragraph at lines 1233--1239

 []

[149]
Underfull \hbox (badness 10000) in paragraph at lines 1242--1249

 []


Underfull \hbox (badness 10000) in paragraph at lines 1242--1249

 []

[150]
Underfull \hbox (badness 10000) in paragraph at lines 1255--1260

 []


Underfull \hbox (badness 10000) in paragraph at lines 1255--1260

 []


Underfull \hbox (badness 10000) in paragraph at lines 1260--1263

 []

[151]
Underfull \hbox (badness 10000) in paragraph at lines 1266--1271

 []


Underfull \hbox (badness 10000) in paragraph at lines 1266--1271

 []


Underfull \hbox (badness 10000) in paragraph at lines 1271--1274

 []

[152]
Underfull \hbox (badness 10000) in paragraph at lines 1277--1282

 []


Underfull \hbox (badness 10000) in paragraph at lines 1277--1282

 []

[153]
Underfull \hbox (badness 10000) in paragraph at lines 1288--1294

 []


Underfull \hbox (badness 10000) in paragraph at lines 1288--1294

 []

[154]
Underfull \hbox (badness 10000) in paragraph at lines 1300--1305

 []


Underfull \hbox (badness 10000) in paragraph at lines 1300--1305

 []


Underfull \hbox (badness 10000) in paragraph at lines 1305--1308

 []

[155]
Underfull \hbox (badness 10000) in paragraph at lines 1311--1316

 []


Underfull \hbox (badness 10000) in paragraph at lines 1311--1316

 []


Underfull \hbox (badness 10000) in paragraph at lines 1316--1319

 []

[156]
Underfull \hbox (badness 10000) in paragraph at lines 1322--1327

 []


Underfull \hbox (badness 10000) in paragraph at lines 1322--1327

 []


Underfull \hbox (badness 10000) in paragraph at lines 1327--1330

 []

[157]
<pics/graphen.png, id=535, 314.21739pt x 193.97687pt>
File: pics/graphen.png Graphic file (type png)
<use pics/graphen.png>
Package pdftex.def Info: pics/graphen.png  used on input line 1338.
(pdftex.def)             Requested size: 147.38463pt x 90.98857pt.

Underfull \hbox (badness 10000) in paragraph at lines 1333--1340

 []


Underfull \hbox (badness 10000) in paragraph at lines 1333--1340

 []

[158 <./pics/graphen.png>]
File: pics/graphen.png Graphic file (type png)
<use pics/graphen.png>
Package pdftex.def Info: pics/graphen.png  used on input line 1348.
(pdftex.def)             Requested size: 147.38463pt x 90.98857pt.

Underfull \hbox (badness 10000) in paragraph at lines 1343--1351

 []


Underfull \hbox (badness 10000) in paragraph at lines 1343--1351

 []

[159]
File: pics/graphen.png Graphic file (type png)
<use pics/graphen.png>
Package pdftex.def Info: pics/graphen.png  used on input line 1359.
(pdftex.def)             Requested size: 147.38463pt x 90.98857pt.

Underfull \hbox (badness 10000) in paragraph at lines 1354--1362

 []


Underfull \hbox (badness 10000) in paragraph at lines 1354--1362

 []

[160]
File: pics/graphen.png Graphic file (type png)
<use pics/graphen.png>
Package pdftex.def Info: pics/graphen.png  used on input line 1370.
(pdftex.def)             Requested size: 147.38463pt x 90.98857pt.

Underfull \hbox (badness 10000) in paragraph at lines 1365--1373

 []


Underfull \hbox (badness 10000) in paragraph at lines 1365--1373

 []

[161]
Underfull \hbox (badness 10000) in paragraph at lines 1376--1382

 []

[162]
Underfull \hbox (badness 10000) in paragraph at lines 1388--1392

 []

[163]
Underfull \hbox (badness 10000) in paragraph at lines 1398--1402

 []

[164]
Underfull \hbox (badness 10000) in paragraph at lines 1408--1412

 []

[165]
Underfull \hbox (badness 10000) in paragraph at lines 1417--1422

 []

[166]
Underfull \hbox (badness 10000) in paragraph at lines 1428--1432

 []

[167]
Underfull \hbox (badness 10000) in paragraph at lines 1438--1442

 []

[168]
Underfull \hbox (badness 10000) in paragraph at lines 1448--1452

 []

[169]
Underfull \hbox (badness 10000) in paragraph at lines 1458--1462

 []

[170]
Underfull \hbox (badness 10000) in paragraph at lines 1468--1472

 []

[171]
Underfull \hbox (badness 10000) in paragraph at lines 1478--1482

 []

[172]
Underfull \hbox (badness 10000) in paragraph at lines 1488--1492

 []

[173]
Underfull \hbox (badness 10000) in paragraph at lines 1498--1502

 []

[174]
Underfull \hbox (badness 10000) in paragraph at lines 1508--1512

 []

[175]
Underfull \hbox (badness 10000) in paragraph at lines 1518--1522

 []

[176]
<pics/LinFunktion1.png, id=598, 379.03847pt x 223.50635pt>
File: pics/LinFunktion1.png Graphic file (type png)
<use pics/LinFunktion1.png>
Package pdftex.def Info: pics/LinFunktion1.png  used on input line 1533.
(pdftex.def)             Requested size: 147.38463pt x 86.90791pt.

Underfull \hbox (badness 10000) in paragraph at lines 1528--1535

 []

[177 <./pics/LinFunktion1.png>]
<pics/LinFunktion2.png, id=603, 379.03847pt x 223.50635pt>
File: pics/LinFunktion2.png Graphic file (type png)
<use pics/LinFunktion2.png>
Package pdftex.def Info: pics/LinFunktion2.png  used on input line 1543.
(pdftex.def)             Requested size: 147.38463pt x 86.90791pt.

Underfull \hbox (badness 10000) in paragraph at lines 1538--1545

 []

[178 <./pics/LinFunktion2.png>]
<pics/LinFunktion3.png, id=608, 416.9423pt x 245.85698pt>
File: pics/LinFunktion3.png Graphic file (type png)
<use pics/LinFunktion3.png>
Package pdftex.def Info: pics/LinFunktion3.png  used on input line 1553.
(pdftex.def)             Requested size: 147.38463pt x 86.90656pt.

Underfull \hbox (badness 10000) in paragraph at lines 1548--1555

 []

[179 <./pics/LinFunktion3.png>]
<pics/LinFunktion4.png, id=613, 416.9423pt x 245.85698pt>
File: pics/LinFunktion4.png Graphic file (type png)
<use pics/LinFunktion4.png>
Package pdftex.def Info: pics/LinFunktion4.png  used on input line 1563.
(pdftex.def)             Requested size: 147.38463pt x 86.90656pt.

Underfull \hbox (badness 10000) in paragraph at lines 1558--1565

 []

[180 <./pics/LinFunktion4.png>]
<pics/LinFunktion5.png, id=618, 416.9423pt x 245.85698pt>
File: pics/LinFunktion5.png Graphic file (type png)
<use pics/LinFunktion5.png>
Package pdftex.def Info: pics/LinFunktion5.png  used on input line 1573.
(pdftex.def)             Requested size: 147.38463pt x 86.90656pt.

Underfull \hbox (badness 10000) in paragraph at lines 1568--1574

 []

[181 <./pics/LinFunktion5.png>]
Underfull \hbox (badness 10000) in paragraph at lines 1577--1580

 []


Overfull \hbox (3.77528pt too wide) in paragraph at lines 1580--1581
[][]   
 []

[182]
Underfull \hbox (badness 10000) in paragraph at lines 1583--1585

 []

[183]
Underfull \hbox (badness 10000) in paragraph at lines 1588--1590

 []

[184]
Underfull \hbox (badness 10000) in paragraph at lines 1593--1595

 []

[185]
Underfull \hbox (badness 10000) in paragraph at lines 1598--1600

 []


Overfull \hbox (6.83725pt too wide) in paragraph at lines 1598--1600
\OT1/cmr/m/n/12 In ei-nem La-den siehst Du ein T-Shirt. Der Preis von 49.50Fr
 []

[186]
Underfull \hbox (badness 10000) in paragraph at lines 1604--1609

 []


Overfull \hbox (4.0693pt too wide) in paragraph at lines 1604--1609
\OT1/cmr/m/n/12 Schreibe die fol-gen-den Zah-len in wis-sen-schaft-li-cher Schr
eib-
 []

[187]
Underfull \hbox (badness 10000) in paragraph at lines 1613--1618

 []


Overfull \hbox (4.0693pt too wide) in paragraph at lines 1613--1618
\OT1/cmr/m/n/12 Schreibe die fol-gen-den Zah-len in wis-sen-schaft-li-cher Schr
eib-
 []

[188]
Underfull \hbox (badness 10000) in paragraph at lines 1623--1628

 []


Overfull \hbox (4.0693pt too wide) in paragraph at lines 1623--1628
\OT1/cmr/m/n/12 Schreibe die fol-gen-den Zah-len in wis-sen-schaft-li-cher Schr
eib-
 []

[189]
Underfull \hbox (badness 10000) in paragraph at lines 1633--1635

 []

[190]
Underfull \hbox (badness 10000) in paragraph at lines 1638--1640

 []

[191]
Underfull \hbox (badness 10000) in paragraph at lines 1643--1645

 []

[192]
Underfull \hbox (badness 10000) in paragraph at lines 1648--1649

 []

[193]
Underfull \hbox (badness 10000) in paragraph at lines 1653--1654

 []

[194]
Underfull \hbox (badness 10000) in paragraph at lines 1658--1659

 []

[195]
Underfull \hbox (badness 10000) in paragraph at lines 1663--1664

 []

[196]
Underfull \hbox (badness 10000) in paragraph at lines 1669--1671

 []

[197]
Underfull \hbox (badness 10000) in paragraph at lines 1674--1675

 []

[198]
Underfull \hbox (badness 10000) in paragraph at lines 1679--1680

 []

[199]
Underfull \hbox (badness 10000) in paragraph at lines 1684--1685

 []

[200]
Underfull \hbox (badness 10000) in paragraph at lines 1689--1690

 []

[201]
Underfull \hbox (badness 10000) in paragraph at lines 1694--1695

 []

[202]
Underfull \hbox (badness 10000) in paragraph at lines 1699--1700

 []

[203]
Underfull \hbox (badness 10000) in paragraph at lines 1704--1709

 []

[204]
Underfull \hbox (badness 10000) in paragraph at lines 1713--1718

 []

[205] (./main.aux) ) 
Here is how much of TeX's memory you used:
 9577 strings out of 492615
 165998 string characters out of 6131390
 222009 words of memory out of 5000000
 13279 multiletter control sequences out of 15000+600000
 10676 words of font info for 40 fonts, out of 8000000 for 9000
 1141 hyphenation exceptions out of 8191
 42i,7n,40p,397b,197s stack positions out of 5000i,500n,10000p,200000b,80000s
</usr/share/texlive/texmf-dist/fonts/type1/public/amsfonts/
cm/cmex10.pfb></usr/share/texlive/texmf-dist/fonts/type1/public/amsfonts/cm/cmm
i12.pfb></usr/share/texlive/texmf-dist/fonts/type1/public/amsfonts/cm/cmmi8.pfb
></usr/share/texlive/texmf-dist/fonts/type1/public/amsfonts/cm/cmr12.pfb></usr/
share/texlive/texmf-dist/fonts/type1/public/amsfonts/cm/cmr6.pfb></usr/share/te
xlive/texmf-dist/fonts/type1/public/amsfonts/cm/cmr8.pfb></usr/share/texlive/te
xmf-dist/fonts/type1/public/amsfonts/cm/cmsy10.pfb></usr/share/texlive/texmf-di
st/fonts/type1/public/amsfonts/cm/cmsy6.pfb></usr/share/texlive/texmf-dist/font
s/type1/public/amsfonts/cm/cmsy8.pfb></usr/share/texlive/texmf-dist/fonts/type1
/public/amsfonts/cm/cmti7.pfb></usr/share/texlive/texmf-dist/fonts/type1/public
/amsfonts/symbols/msbm10.pfb></usr/share/texlive/texmf-dist/fonts/type1/urw/zap
fding/uzdr.pfb>
Output written on main.pdf (205 pages, 2151603 bytes).
PDF statistics:
 745 PDF objects out of 1000 (max. 8388607)
 496 compressed objects within 5 object streams
 0 named destinations out of 1000 (max. 500000)
 61 words of extra memory for PDF output out of 10000 (max. 10000000)

